mainActivity/build/outputs/logs/manifest-merger-custom-debug-report.txt
-- Merging decision tree log ---
manifest
ADDED from src/main/AndroidManifest.xml:2:1-209:12
	package
		ADDED from src/main/AndroidManifest.xml:3:5-34
		INJECTED from src/main/AndroidManifest.xml
		INJECTED from src/main/AndroidManifest.xml
	android:versionName
		ADDED from src/main/AndroidManifest.xml:5:5-33
		INJECTED from src/main/AndroidManifest.xml
		INJECTED from src/main/AndroidManifest.xml
	android:versionCode
		ADDED from src/main/AndroidManifest.xml:4:5-33
		INJECTED from src/main/AndroidManifest.xml
		INJECTED from src/main/AndroidManifest.xml
	xmlns:android
		ADDED from src/main/AndroidManifest.xml:2:11-69
uses-sdk
ADDED from src/main/AndroidManifest.xml:7:5-9:41
MERGED from [YGOMobile:androidstyleddialogs:unspecified] AndroidManifest.xml:6:5-8:41
MERGED from [YGOMobile:yGOData:unspecified] AndroidManifest.xml:7:5-9:41
MERGED from [YGOMobile:apacheasynchttpHC4:unspecified] AndroidManifest.xml:7:5-9:41
MERGED from [YGOMobile:viewPageIndicator:unspecified] AndroidManifest.xml:7:5-9:41
MERGED from [com.android.support:appcompat-v7:23.1.1] AndroidManifest.xml:20:5-43
MERGED from [com.android.support:support-v4:23.1.1] AndroidManifest.xml:20:5-43
	android:targetSdkVersion
		ADDED from src/main/AndroidManifest.xml:9:9-38
		INJECTED from src/main/AndroidManifest.xml
		INJECTED from src/main/AndroidManifest.xml
	android:minSdkVersion
		ADDED from src/main/AndroidManifest.xml:8:9-35
		INJECTED from src/main/AndroidManifest.xml
		INJECTED from src/main/AndroidManifest.xml
uses-permission#android.permission.INTERNET
ADDED from src/main/AndroidManifest.xml:11:5-67
	android:name
		ADDED from src/main/AndroidManifest.xml:11:22-64
uses-permission#android.permission.WRITE_EXTERNAL_STORAGE
ADDED from src/main/AndroidManifest.xml:12:5-81
	android:name
		ADDED from src/main/AndroidManifest.xml:12:22-78
uses-permission#android.permission.ACCESS_WIFI_STATE
ADDED from src/main/AndroidManifest.xml:13:5-76
	android:name
		ADDED from src/main/AndroidManifest.xml:13:22-73
uses-permission#android.permission.ACCESS_NETWORK_STATE
ADDED from src/main/AndroidManifest.xml:14:5-79
	android:name
		ADDED from src/main/AndroidManifest.xml:14:22-76
uses-permission#android.permission.WAKE_LOCK
ADDED from src/main/AndroidManifest.xml:15:5-68
	android:name
		ADDED from src/main/AndroidManifest.xml:15:22-65
uses-permission#android.permission.READ_LOGS
ADDED from src/main/AndroidManifest.xml:16:5-68
	android:name
		ADDED from src/main/AndroidManifest.xml:16:22-65
uses-permission#android.permission.VIBRATE
ADDED from src/main/AndroidManifest.xml:17:5-66
	android:name
		ADDED from src/main/AndroidManifest.xml:17:22-63
uses-permission#android.permission.SYSTEM_ALERT_WINDOW
ADDED from src/main/AndroidManifest.xml:18:5-78
	android:name
		ADDED from src/main/AndroidManifest.xml:18:22-75
uses-permission#android.permission.RECORD_AUDIO
ADDED from src/main/AndroidManifest.xml:19:5-71
	android:name
		ADDED from src/main/AndroidManifest.xml:19:22-68
uses-permission#android.permission.WRITE_SETTINGS
ADDED from src/main/AndroidManifest.xml:20:5-73
	android:name
		ADDED from src/main/AndroidManifest.xml:20:22-70
uses-permission#android.permission.CHANGE_NETWORK_STATE
ADDED from src/main/AndroidManifest.xml:21:5-79
	android:name
		ADDED from src/main/AndroidManifest.xml:21:22-76
uses-permission#android.permission.CHANGE_WIFI_STATE
ADDED from src/main/AndroidManifest.xml:22:5-76
	android:name
		ADDED from src/main/AndroidManifest.xml:22:22-73
uses-permission#android.permission.RECEIVE_BOOT_COMPLETED
ADDED from src/main/AndroidManifest.xml:23:5-81
	android:name
		ADDED from src/main/AndroidManifest.xml:23:22-78
uses-permission#android.permission.GET_TASKS
ADDED from src/main/AndroidManifest.xml:24:5-68
	android:name
		ADDED from src/main/AndroidManifest.xml:24:22-65
uses-permission#android.permission.READ_PHONE_STATE
ADDED from src/main/AndroidManifest.xml:25:5-75
	android:name
		ADDED from src/main/AndroidManifest.xml:25:22-72
application
ADDED from src/main/AndroidManifest.xml:27:5-207:19
MERGED from [YGOMobile:cropimage:unspecified] AndroidManifest.xml:5:5-47
MERGED from [com.android.support:appcompat-v7:23.1.1] AndroidManifest.xml:22:5-20
MERGED from [com.android.support:support-v4:23.1.1] AndroidManifest.xml:22:5-20
	android:label
		ADDED from src/main/AndroidManifest.xml:31:9-41
	android:allowBackup
		ADDED from src/main/AndroidManifest.xml:29:9-35
	android:icon
		ADDED from src/main/AndroidManifest.xml:30:9-41
	android:largeHeap
		ADDED from src/main/AndroidManifest.xml:32:9-33
	android:theme
		ADDED from src/main/AndroidManifest.xml:33:9-40
	android:name
		ADDED from src/main/AndroidManifest.xml:28:9-42
meta-data#UMENG_APPKEY
ADDED from src/main/AndroidManifest.xml:34:9-36:56
	android:value
		ADDED from src/main/AndroidManifest.xml:36:13-53
	android:name
		ADDED from src/main/AndroidManifest.xml:35:13-40
meta-data#UMENG_MESSAGE_SECRET
ADDED from src/main/AndroidManifest.xml:37:9-39:64
	android:value
		ADDED from src/main/AndroidManifest.xml:39:13-61
	android:name
		ADDED from src/main/AndroidManifest.xml:38:13-48
meta-data#UMENG_CHANNEL
ADDED from src/main/AndroidManifest.xml:40:9-42:42
	android:value
		ADDED from src/main/AndroidManifest.xml:42:13-39
	android:name
		ADDED from src/main/AndroidManifest.xml:41:13-41
activity#com.umeng.fb.ConversationActivity
ADDED from src/main/AndroidManifest.xml:44:9-46:40
	android:exported
		ADDED from src/main/AndroidManifest.xml:46:13-37
	android:name
		ADDED from src/main/AndroidManifest.xml:45:13-61
activity#cn.garymb.ygomobile.MainActivity
ADDED from src/main/AndroidManifest.xml:47:9-57:20
	android:label
		ADDED from src/main/AndroidManifest.xml:50:13-45
	android:configChanges
		ADDED from src/main/AndroidManifest.xml:49:13-74
	android:theme
		ADDED from src/main/AndroidManifest.xml:51:13-44
	android:name
		ADDED from src/main/AndroidManifest.xml:48:13-41
intent-filter#android.intent.action.MAIN+android.intent.category.LAUNCHER
ADDED from src/main/AndroidManifest.xml:52:13-56:29
action#android.intent.action.MAIN
ADDED from src/main/AndroidManifest.xml:53:17-69
	android:name
		ADDED from src/main/AndroidManifest.xml:53:25-66
category#android.intent.category.LAUNCHER
ADDED from src/main/AndroidManifest.xml:55:17-77
	android:name
		ADDED from src/main/AndroidManifest.xml:55:27-74
activity#cn.garymb.ygomobile.SettingsActivity
ADDED from src/main/AndroidManifest.xml:58:9-69:20
	android:parentActivityName
		ADDED from src/main/AndroidManifest.xml:62:13-55
	android:exported
		ADDED from src/main/AndroidManifest.xml:61:13-37
	android:configChanges
		ADDED from src/main/AndroidManifest.xml:60:13-74
	android:theme
		ADDED from src/main/AndroidManifest.xml:63:13-49
	android:name
		ADDED from src/main/AndroidManifest.xml:59:13-45
meta-data#android.support.PARENT_ACTIVITY
ADDED from src/main/AndroidManifest.xml:66:13-68:68
	android:value
		ADDED from src/main/AndroidManifest.xml:68:17-65
	android:name
		ADDED from src/main/AndroidManifest.xml:67:17-63
activity#cn.garymb.ygomobile.YGOMobileActivity
ADDED from src/main/AndroidManifest.xml:70:9-83:20
	android:clearTaskOnLaunch
		ADDED from src/main/AndroidManifest.xml:72:13-45
	android:screenOrientation
		ADDED from src/main/AndroidManifest.xml:77:13-50
	android:label
		ADDED from src/main/AndroidManifest.xml:75:13-38
	android:launchMode
		ADDED from src/main/AndroidManifest.xml:76:13-44
	android:exported
		ADDED from src/main/AndroidManifest.xml:74:13-36
	android:windowSoftInputMode
		ADDED from src/main/AndroidManifest.xml:79:13-52
	android:configChanges
		ADDED from src/main/AndroidManifest.xml:73:13-74
	android:theme
		ADDED from src/main/AndroidManifest.xml:78:13-71
	android:name
		ADDED from src/main/AndroidManifest.xml:71:13-46
meta-data#android.app.lib_name
ADDED from src/main/AndroidManifest.xml:80:13-82:45
	android:value
		ADDED from src/main/AndroidManifest.xml:82:17-42
	android:name
		ADDED from src/main/AndroidManifest.xml:81:17-52
activity#org.acra.CrashReportDialog
ADDED from src/main/AndroidManifest.xml:84:9-89:59
	android:excludeFromRecents
		ADDED from src/main/AndroidManifest.xml:86:13-46
	android:launchMode
		ADDED from src/main/AndroidManifest.xml:88:13-48
	android:finishOnTaskLaunch
		ADDED from src/main/AndroidManifest.xml:87:13-46
	android:theme
		ADDED from src/main/AndroidManifest.xml:89:13-56
	android:name
		ADDED from src/main/AndroidManifest.xml:85:13-54
activity#com.github.nativehandler.NativeCrashActivity
ADDED from src/main/AndroidManifest.xml:90:9-96:75
	android:process
		ADDED from src/main/AndroidManifest.xml:94:13-44
	android:stateNotNeeded
		ADDED from src/main/AndroidManifest.xml:95:13-42
	android:exported
		ADDED from src/main/AndroidManifest.xml:93:13-37
	android:configChanges
		ADDED from src/main/AndroidManifest.xml:92:13-72
	android:theme
		ADDED from src/main/AndroidManifest.xml:96:13-72
	android:name
		ADDED from src/main/AndroidManifest.xml:91:13-72
provider#cn.garymb.ygomobile.provider.YGOCardsProvider
ADDED from src/main/AndroidManifest.xml:98:9-102:20
	android:authorities
		ADDED from src/main/AndroidManifest.xml:100:13-63
	android:exported
		ADDED from src/main/AndroidManifest.xml:101:13-37
	android:name
		ADDED from src/main/AndroidManifest.xml:99:13-54
activity#com.soundcloud.android.crop.CropImageActivity
ADDED from src/main/AndroidManifest.xml:104:9-112:20
	android:parentActivityName
		ADDED from src/main/AndroidManifest.xml:107:13-55
	android:exported
		ADDED from src/main/AndroidManifest.xml:106:13-37
	android:theme
		ADDED from src/main/AndroidManifest.xml:108:13-44
	android:name
		ADDED from src/main/AndroidManifest.xml:105:13-73
service#com.umeng.update.net.DownloadingService
ADDED from src/main/AndroidManifest.xml:114:9-117:19
	android:process
		ADDED from src/main/AndroidManifest.xml:116:13-50
	android:name
		ADDED from src/main/AndroidManifest.xml:115:13-67
receiver#com.umeng.message.NotificationProxyBroadcastReceiver
ADDED from src/main/AndroidManifest.xml:119:9-122:20
	android:exported
		ADDED from src/main/AndroidManifest.xml:121:13-37
	android:name
		ADDED from src/main/AndroidManifest.xml:120:13-80
receiver#com.umeng.message.MessageReceiver
ADDED from src/main/AndroidManifest.xml:123:9-129:20
	android:process
		ADDED from src/main/AndroidManifest.xml:125:13-36
	android:name
		ADDED from src/main/AndroidManifest.xml:124:13-61
intent-filter#org.agoo.android.intent.action.RECEIVE
ADDED from src/main/AndroidManifest.xml:126:13-128:29
action#org.agoo.android.intent.action.RECEIVE
ADDED from src/main/AndroidManifest.xml:127:17-81
	android:name
		ADDED from src/main/AndroidManifest.xml:127:25-78
receiver#com.umeng.message.ElectionReceiver
ADDED from src/main/AndroidManifest.xml:130:9-137:20
	android:process
		ADDED from src/main/AndroidManifest.xml:132:13-36
	android:name
		ADDED from src/main/AndroidManifest.xml:131:13-62
intent-filter#org.agoo.android.intent.action.ELECTION_RESULT_V4+umeng
ADDED from src/main/AndroidManifest.xml:133:13-136:29
action#org.agoo.android.intent.action.ELECTION_RESULT_V4
ADDED from src/main/AndroidManifest.xml:134:17-92
	android:name
		ADDED from src/main/AndroidManifest.xml:134:25-89
category#umeng
ADDED from src/main/AndroidManifest.xml:135:17-50
	android:name
		ADDED from src/main/AndroidManifest.xml:135:27-47
receiver#com.umeng.message.RegistrationReceiver
ADDED from src/main/AndroidManifest.xml:138:9-144:20
	android:exported
		ADDED from src/main/AndroidManifest.xml:140:13-37
	android:name
		ADDED from src/main/AndroidManifest.xml:139:13-66
intent-filter#cn.garymb.ygomobile.intent.action.COMMAND
ADDED from src/main/AndroidManifest.xml:141:13-143:29
action#cn.garymb.ygomobile.intent.action.COMMAND
ADDED from src/main/AndroidManifest.xml:142:17-84
	android:name
		ADDED from src/main/AndroidManifest.xml:142:25-81
receiver#com.umeng.message.UmengMessageBootReceiver
ADDED from src/main/AndroidManifest.xml:145:9-149:20
	android:name
		ADDED from src/main/AndroidManifest.xml:145:19-76
intent-filter#android.intent.action.BOOT_COMPLETED
ADDED from src/main/AndroidManifest.xml:146:13-148:29
action#android.intent.action.BOOT_COMPLETED
ADDED from src/main/AndroidManifest.xml:147:17-79
	android:name
		ADDED from src/main/AndroidManifest.xml:147:25-76
service#com.umeng.message.UmengService
ADDED from src/main/AndroidManifest.xml:151:9-166:19
	android:process
		ADDED from src/main/AndroidManifest.xml:155:13-36
	android:label
		ADDED from src/main/AndroidManifest.xml:154:13-40
	android:exported
		ADDED from src/main/AndroidManifest.xml:153:13-36
	android:name
		ADDED from src/main/AndroidManifest.xml:152:13-58
intent-filter#cn.garymb.ygomobile.intent.action.START
ADDED from src/main/AndroidManifest.xml:156:13-158:29
action#cn.garymb.ygomobile.intent.action.START
ADDED from src/main/AndroidManifest.xml:157:17-82
	android:name
		ADDED from src/main/AndroidManifest.xml:157:25-79
intent-filter#cn.garymb.ygomobile.intent.action.COCKROACH
ADDED from src/main/AndroidManifest.xml:159:13-161:29
action#cn.garymb.ygomobile.intent.action.COCKROACH
ADDED from src/main/AndroidManifest.xml:160:17-86
	android:name
		ADDED from src/main/AndroidManifest.xml:160:25-83
intent-filter#org.agoo.android.intent.action.PING_V4+umeng
ADDED from src/main/AndroidManifest.xml:162:13-165:29
action#org.agoo.android.intent.action.PING_V4
ADDED from src/main/AndroidManifest.xml:163:17-81
	android:name
		ADDED from src/main/AndroidManifest.xml:163:25-78
service#com.umeng.message.UmengIntentService
ADDED from src/main/AndroidManifest.xml:167:9-169:39
	android:process
		ADDED from src/main/AndroidManifest.xml:169:13-36
	android:name
		ADDED from src/main/AndroidManifest.xml:168:13-64
service#com.umeng.message.UmengMessageIntentReceiverService
ADDED from src/main/AndroidManifest.xml:170:9-180:19
	android:process
		ADDED from src/main/AndroidManifest.xml:173:13-36
	android:exported
		ADDED from src/main/AndroidManifest.xml:172:13-36
	android:name
		ADDED from src/main/AndroidManifest.xml:171:13-79
intent-filter#org.android.agoo.client.MessageReceiverService
ADDED from src/main/AndroidManifest.xml:174:13-176:29
action#org.android.agoo.client.MessageReceiverService
ADDED from src/main/AndroidManifest.xml:175:17-89
	android:name
		ADDED from src/main/AndroidManifest.xml:175:25-86
intent-filter#org.android.agoo.client.ElectionReceiverService
ADDED from src/main/AndroidManifest.xml:177:13-179:29
action#org.android.agoo.client.ElectionReceiverService
ADDED from src/main/AndroidManifest.xml:178:17-90
	android:name
		ADDED from src/main/AndroidManifest.xml:178:25-87
service#com.umeng.message.UmengMessageCallbackHandlerService
ADDED from src/main/AndroidManifest.xml:181:9-196:19
	android:exported
		ADDED from src/main/AndroidManifest.xml:183:13-37
	android:name
		ADDED from src/main/AndroidManifest.xml:182:13-80
intent-filter#com.umeng.messge.registercallback.action
ADDED from src/main/AndroidManifest.xml:184:13-186:29
action#com.umeng.messge.registercallback.action
ADDED from src/main/AndroidManifest.xml:185:17-83
	android:name
		ADDED from src/main/AndroidManifest.xml:185:25-80
intent-filter#com.umeng.message.unregistercallback.action
ADDED from src/main/AndroidManifest.xml:187:13-189:29
action#com.umeng.message.unregistercallback.action
ADDED from src/main/AndroidManifest.xml:188:17-86
	android:name
		ADDED from src/main/AndroidManifest.xml:188:25-83
intent-filter#com.umeng.message.message.handler.action
ADDED from src/main/AndroidManifest.xml:190:13-192:29
action#com.umeng.message.message.handler.action
ADDED from src/main/AndroidManifest.xml:191:17-83
	android:name
		ADDED from src/main/AndroidManifest.xml:191:25-80
intent-filter#com.umeng.message.autoupdate.handler.action
ADDED from src/main/AndroidManifest.xml:193:13-195:29
action#com.umeng.message.autoupdate.handler.action
ADDED from src/main/AndroidManifest.xml:194:17-86
	android:name
		ADDED from src/main/AndroidManifest.xml:194:25-83
service#com.umeng.message.UmengDownloadResourceService
ADDED from src/main/AndroidManifest.xml:197:9-82
	android:name
		ADDED from src/main/AndroidManifest.xml:197:18-79
activity#com.umeng.update.UpdateDialogActivity
ADDED from src/main/AndroidManifest.xml:199:9-203:20
	android:exported
		ADDED from src/main/AndroidManifest.xml:201:13-37
	android:theme
		ADDED from src/main/AndroidManifest.xml:202:13-72
	android:name
		ADDED from src/main/AndroidManifest.xml:200:13-65
service#cn.garymb.ygomobile.core.DownloadService
ADDED from src/main/AndroidManifest.xml:205:9-206:19
	android:name
		ADDED from src/main/AndroidManifest.xml:205:18-54
android:uses-permission#android.permission.READ_EXTERNAL_STORAGE
IMPLIED from src/main/AndroidManifest.xml:2:1-209:12 reason: com.soundcloud.android.crop requested WRITE_EXTERNAL_STORAGE